Change Dir: 'C:/Users/ricar/source/repos/btc-miner/vcpkg_installed/vcpkg/blds/boost-regex/x64-windows-rel'

Run Build Command(s): "C:/Program Files/Microsoft Visual Studio/2022/Community/Common7/IDE/CommonExtensions/Microsoft/CMake/Ninja/ninja.exe" -v -v -j17 install
[1/7] C:\PROGRA~1\MICROS~2\2022\COMMUN~1\VC\Tools\MSVC\1441~1.341\bin\Hostx64\x64\cl.exe   /TP -Dboost_regex_EXPORTS -IC:\Users\ricar\source\repos\btc-miner\vcpkg_installed\vcpkg\blds\boost-regex\src\ost-1.85.0-afd9b213e1.clean\libs\regex\include -external:IC:\Users\ricar\source\repos\btc-miner\vcpkg_installed\x64-windows\include -external:W0 /nologo /DWIN32 /D_WINDOWS /W3 /utf-8 /GR /EHsc /MP  /MD /O2 /Oi /Gy /DNDEBUG /Z7  -MD /showIncludes /Folibs\regex\CMakeFiles\boost_regex.dir\src\regex_debug.cpp.obj /Fdlibs\regex\CMakeFiles\boost_regex.dir\ /FS -c C:\Users\ricar\source\repos\btc-miner\vcpkg_installed\vcpkg\blds\boost-regex\src\ost-1.85.0-afd9b213e1.clean\libs\regex\src\regex_debug.cpp
[2/7] C:\PROGRA~1\MICROS~2\2022\COMMUN~1\VC\Tools\MSVC\1441~1.341\bin\Hostx64\x64\cl.exe   /TP -Dboost_regex_EXPORTS -IC:\Users\ricar\source\repos\btc-miner\vcpkg_installed\vcpkg\blds\boost-regex\src\ost-1.85.0-afd9b213e1.clean\libs\regex\include -external:IC:\Users\ricar\source\repos\btc-miner\vcpkg_installed\x64-windows\include -external:W0 /nologo /DWIN32 /D_WINDOWS /W3 /utf-8 /GR /EHsc /MP  /MD /O2 /Oi /Gy /DNDEBUG /Z7  -MD /showIncludes /Folibs\regex\CMakeFiles\boost_regex.dir\src\static_mutex.cpp.obj /Fdlibs\regex\CMakeFiles\boost_regex.dir\ /FS -c C:\Users\ricar\source\repos\btc-miner\vcpkg_installed\vcpkg\blds\boost-regex\src\ost-1.85.0-afd9b213e1.clean\libs\regex\src\static_mutex.cpp
[3/7] C:\PROGRA~1\MICROS~2\2022\COMMUN~1\VC\Tools\MSVC\1441~1.341\bin\Hostx64\x64\cl.exe   /TP -Dboost_regex_EXPORTS -IC:\Users\ricar\source\repos\btc-miner\vcpkg_installed\vcpkg\blds\boost-regex\src\ost-1.85.0-afd9b213e1.clean\libs\regex\include -external:IC:\Users\ricar\source\repos\btc-miner\vcpkg_installed\x64-windows\include -external:W0 /nologo /DWIN32 /D_WINDOWS /W3 /utf-8 /GR /EHsc /MP  /MD /O2 /Oi /Gy /DNDEBUG /Z7  -MD /showIncludes /Folibs\regex\CMakeFiles\boost_regex.dir\src\regex.cpp.obj /Fdlibs\regex\CMakeFiles\boost_regex.dir\ /FS -c C:\Users\ricar\source\repos\btc-miner\vcpkg_installed\vcpkg\blds\boost-regex\src\ost-1.85.0-afd9b213e1.clean\libs\regex\src\regex.cpp
[4/7] C:\PROGRA~1\MICROS~2\2022\COMMUN~1\VC\Tools\MSVC\1441~1.341\bin\Hostx64\x64\cl.exe   /TP -Dboost_regex_EXPORTS -IC:\Users\ricar\source\repos\btc-miner\vcpkg_installed\vcpkg\blds\boost-regex\src\ost-1.85.0-afd9b213e1.clean\libs\regex\include -external:IC:\Users\ricar\source\repos\btc-miner\vcpkg_installed\x64-windows\include -external:W0 /nologo /DWIN32 /D_WINDOWS /W3 /utf-8 /GR /EHsc /MP  /MD /O2 /Oi /Gy /DNDEBUG /Z7  -MD /showIncludes /Folibs\regex\CMakeFiles\boost_regex.dir\src\wide_posix_api.cpp.obj /Fdlibs\regex\CMakeFiles\boost_regex.dir\ /FS -c C:\Users\ricar\source\repos\btc-miner\vcpkg_installed\vcpkg\blds\boost-regex\src\ost-1.85.0-afd9b213e1.clean\libs\regex\src\wide_posix_api.cpp
[5/7] C:\PROGRA~1\MICROS~2\2022\COMMUN~1\VC\Tools\MSVC\1441~1.341\bin\Hostx64\x64\cl.exe   /TP -Dboost_regex_EXPORTS -IC:\Users\ricar\source\repos\btc-miner\vcpkg_installed\vcpkg\blds\boost-regex\src\ost-1.85.0-afd9b213e1.clean\libs\regex\include -external:IC:\Users\ricar\source\repos\btc-miner\vcpkg_installed\x64-windows\include -external:W0 /nologo /DWIN32 /D_WINDOWS /W3 /utf-8 /GR /EHsc /MP  /MD /O2 /Oi /Gy /DNDEBUG /Z7  -MD /showIncludes /Folibs\regex\CMakeFiles\boost_regex.dir\src\posix_api.cpp.obj /Fdlibs\regex\CMakeFiles\boost_regex.dir\ /FS -c C:\Users\ricar\source\repos\btc-miner\vcpkg_installed\vcpkg\blds\boost-regex\src\ost-1.85.0-afd9b213e1.clean\libs\regex\src\posix_api.cpp
[6/7] C:\WINDOWS\system32\cmd.exe /C "cd . && "C:\Program Files\Microsoft Visual Studio\2022\Community\Common7\IDE\CommonExtensions\Microsoft\CMake\CMake\bin\cmake.exe" -E vs_link_dll --intdir=libs\regex\CMakeFiles\boost_regex.dir --rc=C:\PROGRA~2\WI3CF2~1\10\bin\100226~1.0\x64\rc.exe --mt=C:\PROGRA~2\WI3CF2~1\10\bin\100226~1.0\x64\mt.exe --manifests  -- C:\PROGRA~1\MICROS~2\2022\COMMUN~1\VC\Tools\MSVC\1441~1.341\bin\Hostx64\x64\link.exe  libs\regex\CMakeFiles\boost_regex.dir\src\posix_api.cpp.obj libs\regex\CMakeFiles\boost_regex.dir\src\wide_posix_api.cpp.obj libs\regex\CMakeFiles\boost_regex.dir\src\regex.cpp.obj libs\regex\CMakeFiles\boost_regex.dir\src\regex_debug.cpp.obj libs\regex\CMakeFiles\boost_regex.dir\src\static_mutex.cpp.obj  /out:stage\bin\boost_regex-vc144-mt-x64-1_85.dll /implib:stage\lib\boost_regex-vc144-mt-x64-1_85.lib /pdb:stage\bin\boost_regex-vc144-mt-x64-1_85.pdb /dll /version:1.85 /machine:x64 /nologo /DEBUG /INCREMENTAL:NO /OPT:REF /OPT:ICF  kernel32.lib user32.lib gdi32.lib winspool.lib shell32.lib ole32.lib oleaut32.lib uuid.lib comdlg32.lib advapi32.lib && cd ."
[6/7] C:-- Install configuration: "Release"
-- Installing: C:/Users/ricar/source/repos/btc-miner/vcpkg_installed/vcpkg/pkgs/boost-regex_x64-windows/include
-- Installing: C:/Users/ricar/source/repos/btc-miner/vcpkg_installed/vcpkg/pkgs/boost-regex_x64-windows/include/boost
-- Installing: C:/Users/ricar/source/repos/btc-miner/vcpkg_installed/vcpkg/pkgs/boost-regex_x64-windows/include/boost/cregex.hpp
-- Installing: C:/Users/ricar/source/repos/btc-miner/vcpkg_installed/vcpkg/pkgs/boost-regex_x64-windows/include/boost/regex
-- Installing: C:/Users/ricar/source/repos/btc-miner/vcpkg_installed/vcpkg/pkgs/boost-regex_x64-windows/include/boost/regex/concepts.hpp
-- Installing: C:/Users/ricar/source/repos/btc-miner/vcpkg_installed/vcpkg/pkgs/boost-regex_x64-windows/include/boost/regex/config
-- Installing: C:/Users/ricar/source/repos/btc-miner/vcpkg_installed/vcpkg/pkgs/boost-regex_x64-windows/include/boost/regex/config/borland.hpp
-- Installing: C:/Users/ricar/source/repos/btc-miner/vcpkg_installed/vcpkg/pkgs/boost-regex_x64-windows/include/boost/regex/config/cwchar.hpp
-- Installing: C:/Users/ricar/source/repos/btc-miner/vcpkg_installed/vcpkg/pkgs/boost-regex_x64-windows/include/boost/regex/config.hpp
-- Installing: C:/Users/ricar/source/repos/btc-miner/vcpkg_installed/vcpkg/pkgs/boost-regex_x64-windows/include/boost/regex/icu.hpp
-- Installing: C:/Users/ricar/source/repos/btc-miner/vcpkg_installed/vcpkg/pkgs/boost-regex_x64-windows/include/boost/regex/mfc.hpp
-- Installing: C:/Users/ricar/source/repos/btc-miner/vcpkg_installed/vcpkg/pkgs/boost-regex_x64-windows/include/boost/regex/pattern_except.hpp
-- Installing: C:/Users/ricar/source/repos/btc-miner/vcpkg_installed/vcpkg/pkgs/boost-regex_x64-windows/include/boost/regex/pending
-- Installing: C:/Users/ricar/source/repos/btc-miner/vcpkg_installed/vcpkg/pkgs/boost-regex_x64-windows/include/boost/regex/pending/object_cache.hpp
-- Installing: C:/Users/ricar/source/repos/btc-miner/vcpkg_installed/vcpkg/pkgs/boost-regex_x64-windows/include/boost/regex/pending/static_mutex.hpp
-- Installing: C:/Users/ricar/source/repos/btc-miner/vcpkg_installed/vcpkg/pkgs/boost-regex_x64-windows/include/boost/regex/pending/unicode_iterator.hpp
-- Installing: C:/Users/ricar/source/repos/btc-miner/vcpkg_installed/vcpkg/pkgs/boost-regex_x64-windows/include/boost/regex/regex_traits.hpp
-- Installing: C:/Users/ricar/source/repos/btc-miner/vcpkg_installed/vcpkg/pkgs/boost-regex_x64-windows/include/boost/regex/user.hpp
-- Installing: C:/Users/ricar/source/repos/btc-miner/vcpkg_installed/vcpkg/pkgs/boost-regex_x64-windows/include/boost/regex/v4
-- Installing: C:/Users/ricar/source/repos/btc-miner/vcpkg_installed/vcpkg/pkgs/boost-regex_x64-windows/include/boost/regex/v4/basic_regex.hpp
-- Installing: C:/Users/ricar/source/repos/btc-miner/vcpkg_installed/vcpkg/pkgs/boost-regex_x64-windows/include/boost/regex/v4/basic_regex_creator.hpp
-- Installing: C:/Users/ricar/source/repos/btc-miner/vcpkg_installed/vcpkg/pkgs/boost-regex_x64-windows/include/boost/regex/v4/basic_regex_parser.hpp
-- Installing: C:/Users/ricar/source/repos/btc-miner/vcpkg_installed/vcpkg/pkgs/boost-regex_x64-windows/include/boost/regex/v4/char_regex_traits.hpp
-- Installing: C:/Users/ricar/source/repos/btc-miner/vcpkg_installed/vcpkg/pkgs/boost-regex_x64-windows/include/boost/regex/v4/cpp_regex_traits.hpp
-- Installing: C:/Users/ricar/source/repos/btc-miner/vcpkg_installed/vcpkg/pkgs/boost-regex_x64-windows/include/boost/regex/v4/cregex.hpp
-- Installing: C:/Users/ricar/source/repos/btc-miner/vcpkg_installed/vcpkg/pkgs/boost-regex_x64-windows/include/boost/regex/v4/c_regex_traits.hpp
-- Installing: C:/Users/ricar/source/repos/btc-miner/vcpkg_installed/vcpkg/pkgs/boost-regex_x64-windows/include/boost/regex/v4/error_type.hpp
-- Installing: C:/Users/ricar/source/repos/btc-miner/vcpkg_installed/vcpkg/pkgs/boost-regex_x64-windows/include/boost/regex/v4/icu.hpp
-- Installing: C:/Users/ricar/source/repos/btc-miner/vcpkg_installed/vcpkg/pkgs/boost-regex_x64-windows/include/boost/regex/v4/indexed_bit_flag.hpp
-- Installing: C:/Users/ricar/source/repos/btc-miner/vcpkg_installed/vcpkg/pkgs/boost-regex_x64-windows/include/boost/regex/v4/iterator_category.hpp
-- Installing: C:/Users/ricar/source/repos/btc-miner/vcpkg_installed/vcpkg/pkgs/boost-regex_x64-windows/include/boost/regex/v4/iterator_traits.hpp
-- Installing: C:/Users/ricar/source/repos/btc-miner/vcpkg_installed/vcpkg/pkgs/boost-regex_x64-windows/include/boost/regex/v4/match_flags.hpp
-- Installing: C:/Users/ricar/source/repos/btc-miner/vcpkg_installed/vcpkg/pkgs/boost-regex_x64-windows/include/boost/regex/v4/match_results.hpp
-- Installing: C:/Users/ricar/source/repos/btc-miner/vcpkg_installed/vcpkg/pkgs/boost-regex_x64-windows/include/boost/regex/v4/mem_block_cache.hpp
-- Installing: C:/Users/ricar/source/repos/btc-miner/vcpkg_installed/vcpkg/pkgs/boost-regex_x64-windows/include/boost/regex/v4/object_cache.hpp
-- Installing: C:/Users/ricar/source/repos/btc-miner/vcpkg_installed/vcpkg/pkgs/boost-regex_x64-windows/include/boost/regex/v4/pattern_except.hpp
-- Installing: C:/Users/ricar/source/repos/btc-miner/vcpkg_installed/vcpkg/pkgs/boost-regex_x64-windows/include/boost/regex/v4/perl_matcher.hpp
-- Installing: C:/Users/ricar/source/repos/btc-miner/vcpkg_installed/vcpkg/pkgs/boost-regex_x64-windows/include/boost/regex/v4/perl_matcher_common.hpp
-- Installing: C:/Users/ricar/source/repos/btc-miner/vcpkg_installed/vcpkg/pkgs/boost-regex_x64-windows/include/boost/regex/v4/perl_matcher_non_recursive.hpp
-- Installing: C:/Users/ricar/source/repos/btc-miner/vcpkg_installed/vcpkg/pkgs/boost-regex_x64-windows/include/boost/regex/v4/perl_matcher_recursive.hpp
-- Installing: C:/Users/ricar/source/repos/btc-miner/vcpkg_installed/vcpkg/pkgs/boost-regex_x64-windows/include/boost/regex/v4/primary_transform.hpp
-- Installing: C:/Users/ricar/source/repos/btc-miner/vcpkg_installed/vcpkg/pkgs/boost-regex_x64-windows/include/boost/regex/v4/protected_call.hpp
-- Installing: C:/Users/ricar/source/repos/btc-miner/vcpkg_installed/vcpkg/pkgs/boost-regex_x64-windows/include/boost/regex/v4/regbase.hpp
-- Installing: C:/Users/ricar/source/repos/btc-miner/vcpkg_installed/vcpkg/pkgs/boost-regex_x64-windows/include/boost/regex/v4/regex.hpp
-- Installing: C:/Users/ricar/source/repos/btc-miner/vcpkg_installed/vcpkg/pkgs/boost-regex_x64-windows/include/boost/regex/v4/regex_format.hpp
-- Installing: C:/Users/ricar/source/repos/btc-miner/vcpkg_installed/vcpkg/pkgs/boost-regex_x64-windows/include/boost/regex/v4/regex_fwd.hpp
-- Installing: C:/Users/ricar/source/repos/btc-miner/vcpkg_installed/vcpkg/pkgs/boost-regex_x64-windows/include/boost/regex/v4/regex_grep.hpp
-- Installing: C:/Users/ricar/source/repos/btc-miner/vcpkg_installed/vcpkg/pkgs/boost-regex_x64-windows/include/boost/regex/v4/regex_iterator.hpp
-- Installing: C:/Users/ricar/source/repos/btc-miner/vcpkg_installed/vcpkg/pkgs/boost-regex_x64-windows/include/boost/regex/v4/regex_match.hpp
-- Installing: C:/Users/ricar/source/repos/btc-miner/vcpkg_installed/vcpkg/pkgs/boost-regex_x64-windows/include/boost/regex/v4/regex_merge.hpp
-- Installing: C:/Users/ricar/source/repos/btc-miner/vcpkg_installed/vcpkg/pkgs/boost-regex_x64-windows/include/boost/regex/v4/regex_raw_buffer.hpp
-- Installing: C:/Users/ricar/source/repos/btc-miner/vcpkg_installed/vcpkg/pkgs/boost-regex_x64-windows/include/boost/regex/v4/regex_replace.hpp
-- Installing: C:/Users/ricar/source/repos/btc-miner/vcpkg_installed/vcpkg/pkgs/boost-regex_x64-windows/include/boost/regex/v4/regex_search.hpp
-- Installing: C:/Users/ricar/source/repos/btc-miner/vcpkg_installed/vcpkg/pkgs/boost-regex_x64-windows/include/boost/regex/v4/regex_split.hpp
-- Installing: C:/Users/ricar/source/repos/btc-miner/vcpkg_installed/vcpkg/pkgs/boost-regex_x64-windows/include/boost/regex/v4/regex_token_iterator.hpp
-- Installing: C:/Users/ricar/source/repos/btc-miner/vcpkg_installed/vcpkg/pkgs/boost-regex_x64-windows/include/boost/regex/v4/regex_traits.hpp
-- Installing: C:/Users/ricar/source/repos/btc-miner/vcpkg_installed/vcpkg/pkgs/boost-regex_x64-windows/include/boost/regex/v4/regex_traits_defaults.hpp
-- Installing: C:/Users/ricar/source/repos/btc-miner/vcpkg_installed/vcpkg/pkgs/boost-regex_x64-windows/include/boost/regex/v4/regex_workaround.hpp
-- Installing: C:/Users/ricar/source/repos/btc-miner/vcpkg_installed/vcpkg/pkgs/boost-regex_x64-windows/include/boost/regex/v4/states.hpp
-- Installing: C:/Users/ricar/source/repos/btc-miner/vcpkg_installed/vcpkg/pkgs/boost-regex_x64-windows/include/boost/regex/v4/sub_match.hpp
-- Installing: C:/Users/ricar/source/repos/btc-miner/vcpkg_installed/vcpkg/pkgs/boost-regex_x64-windows/include/boost/regex/v4/syntax_type.hpp
-- Installing: C:/Users/ricar/source/repos/btc-miner/vcpkg_installed/vcpkg/pkgs/boost-regex_x64-windows/include/boost/regex/v4/u32regex_iterator.hpp
-- Installing: C:/Users/ricar/source/repos/btc-miner/vcpkg_installed/vcpkg/pkgs/boost-regex_x64-windows/include/boost/regex/v4/u32regex_token_iterator.hpp
-- Installing: C:/Users/ricar/source/repos/btc-miner/vcpkg_installed/vcpkg/pkgs/boost-regex_x64-windows/include/boost/regex/v4/unicode_iterator.hpp
-- Installing: C:/Users/ricar/source/repos/btc-miner/vcpkg_installed/vcpkg/pkgs/boost-regex_x64-windows/include/boost/regex/v4/w32_regex_traits.hpp
-- Installing: C:/Users/ricar/source/repos/btc-miner/vcpkg_installed/vcpkg/pkgs/boost-regex_x64-windows/include/boost/regex/v5
-- Installing: C:/Users/ricar/source/repos/btc-miner/vcpkg_installed/vcpkg/pkgs/boost-regex_x64-windows/include/boost/regex/v5/basic_regex.hpp
-- Installing: C:/Users/ricar/source/repos/btc-miner/vcpkg_installed/vcpkg/pkgs/boost-regex_x64-windows/include/boost/regex/v5/basic_regex_creator.hpp
-- Installing: C:/Users/ricar/source/repos/btc-miner/vcpkg_installed/vcpkg/pkgs/boost-regex_x64-windows/include/boost/regex/v5/basic_regex_parser.hpp
-- Installing: C:/Users/ricar/source/repos/btc-miner/vcpkg_installed/vcpkg/pkgs/boost-regex_x64-windows/include/boost/regex/v5/char_regex_traits.hpp
-- Installing: C:/Users/ricar/source/repos/btc-miner/vcpkg_installed/vcpkg/pkgs/boost-regex_x64-windows/include/boost/regex/v5/cpp_regex_traits.hpp
-- Installing: C:/Users/ricar/source/repos/btc-miner/vcpkg_installed/vcpkg/pkgs/boost-regex_x64-windows/include/boost/regex/v5/cregex.hpp
-- Installing: C:/Users/ricar/source/repos/btc-miner/vcpkg_installed/vcpkg/pkgs/boost-regex_x64-windows/include/boost/regex/v5/c_regex_traits.hpp
-- Installing: C:/Users/ricar/source/repos/btc-miner/vcpkg_installed/vcpkg/pkgs/boost-regex_x64-windows/include/boost/regex/v5/error_type.hpp
-- Installing: C:/Users/ricar/source/repos/btc-miner/vcpkg_installed/vcpkg/pkgs/boost-regex_x64-windows/include/boost/regex/v5/icu.hpp
-- Installing: C:/Users/ricar/source/repos/btc-miner/vcpkg_installed/vcpkg/pkgs/boost-regex_x64-windows/include/boost/regex/v5/iterator_category.hpp
-- Installing: C:/Users/ricar/source/repos/btc-miner/vcpkg_installed/vcpkg/pkgs/boost-regex_x64-windows/include/boost/regex/v5/iterator_traits.hpp
-- Installing: C:/Users/ricar/source/repos/btc-miner/vcpkg_installed/vcpkg/pkgs/boost-regex_x64-windows/include/boost/regex/v5/match_flags.hpp
-- Installing: C:/Users/ricar/source/repos/btc-miner/vcpkg_installed/vcpkg/pkgs/boost-regex_x64-windows/include/boost/regex/v5/match_results.hpp
-- Installing: C:/Users/ricar/source/repos/btc-miner/vcpkg_installed/vcpkg/pkgs/boost-regex_x64-windows/include/boost/regex/v5/mem_block_cache.hpp
-- Installing: C:/Users/ricar/source/repos/btc-miner/vcpkg_installed/vcpkg/pkgs/boost-regex_x64-windows/include/boost/regex/v5/object_cache.hpp
-- Installing: C:/Users/ricar/source/repos/btc-miner/vcpkg_installed/vcpkg/pkgs/boost-regex_x64-windows/include/boost/regex/v5/pattern_except.hpp
-- Installing: C:/Users/ricar/source/repos/btc-miner/vcpkg_installed/vcpkg/pkgs/boost-regex_x64-windows/include/boost/regex/v5/perl_matcher.hpp
-- Installing: C:/Users/ricar/source/repos/btc-miner/vcpkg_installed/vcpkg/pkgs/boost-regex_x64-windows/include/boost/regex/v5/perl_matcher_common.hpp
-- Installing: C:/Users/ricar/source/repos/btc-miner/vcpkg_installed/vcpkg/pkgs/boost-regex_x64-windows/include/boost/regex/v5/perl_matcher_non_recursive.hpp
-- Installing: C:/Users/ricar/source/repos/btc-miner/vcpkg_installed/vcpkg/pkgs/boost-regex_x64-windows/include/boost/regex/v5/primary_transform.hpp
-- Installing: C:/Users/ricar/source/repos/btc-miner/vcpkg_installed/vcpkg/pkgs/boost-regex_x64-windows/include/boost/regex/v5/regbase.hpp
-- Installing: C:/Users/ricar/source/repos/btc-miner/vcpkg_installed/vcpkg/pkgs/boost-regex_x64-windows/include/boost/regex/v5/regex.hpp
-- Installing: C:/Users/ricar/source/repos/btc-miner/vcpkg_installed/vcpkg/pkgs/boost-regex_x64-windows/include/boost/regex/v5/regex_format.hpp
-- Installing: C:/Users/ricar/source/repos/btc-miner/vcpkg_installed/vcpkg/pkgs/boost-regex_x64-windows/include/boost/regex/v5/regex_fwd.hpp
-- Installing: C:/Users/ricar/source/repos/btc-miner/vcpkg_installed/vcpkg/pkgs/boost-regex_x64-windows/include/boost/regex/v5/regex_grep.hpp
-- Installing: C:/Users/ricar/source/repos/btc-miner/vcpkg_installed/vcpkg/pkgs/boost-regex_x64-windows/include/boost/regex/v5/regex_iterator.hpp
-- Installing: C:/Users/ricar/source/repos/btc-miner/vcpkg_installed/vcpkg/pkgs/boost-regex_x64-windows/include/boost/regex/v5/regex_match.hpp
-- Installing: C:/Users/ricar/source/repos/btc-miner/vcpkg_installed/vcpkg/pkgs/boost-regex_x64-windows/include/boost/regex/v5/regex_merge.hpp
-- Installing: C:/Users/ricar/source/repos/btc-miner/vcpkg_installed/vcpkg/pkgs/boost-regex_x64-windows/include/boost/regex/v5/regex_raw_buffer.hpp
-- Installing: C:/Users/ricar/source/repos/btc-miner/vcpkg_installed/vcpkg/pkgs/boost-regex_x64-windows/include/boost/regex/v5/regex_replace.hpp
-- Installing: C:/Users/ricar/source/repos/btc-miner/vcpkg_installed/vcpkg/pkgs/boost-regex_x64-windows/include/boost/regex/v5/regex_search.hpp
-- Installing: C:/Users/ricar/source/repos/btc-miner/vcpkg_installed/vcpkg/pkgs/boost-regex_x64-windows/include/boost/regex/v5/regex_split.hpp
-- Installing: C:/Users/ricar/source/repos/btc-miner/vcpkg_installed/vcpkg/pkgs/boost-regex_x64-windows/include/boost/regex/v5/regex_token_iterator.hpp
-- Installing: C:/Users/ricar/source/repos/btc-miner/vcpkg_installed/vcpkg/pkgs/boost-regex_x64-windows/include/boost/regex/v5/regex_traits.hpp
-- Installing: C:/Users/ricar/source/repos/btc-miner/vcpkg_installed/vcpkg/pkgs/boost-regex_x64-windows/include/boost/regex/v5/regex_traits_defaults.hpp
-- Installing: C:/Users/ricar/source/repos/btc-miner/vcpkg_installed/vcpkg/pkgs/boost-regex_x64-windows/include/boost/regex/v5/regex_workaround.hpp
-- Installing: C:/Users/ricar/source/repos/btc-miner/vcpkg_installed/vcpkg/pkgs/boost-regex_x64-windows/include/boost/regex/v5/states.hpp
-- Installing: C:/Users/ricar/source/repos/btc-miner/vcpkg_installed/vcpkg/pkgs/boost-regex_x64-windows/include/boost/regex/v5/sub_match.hpp
-- Installing: C:/Users/ricar/source/repos/btc-miner/vcpkg_installed/vcpkg/pkgs/boost-regex_x64-windows/include/boost/regex/v5/syntax_type.hpp
-- Installing: C:/Users/ricar/source/repos/btc-miner/vcpkg_installed/vcpkg/pkgs/boost-regex_x64-windows/include/boost/regex/v5/u32regex_iterator.hpp
-- Installing: C:/Users/ricar/source/repos/btc-miner/vcpkg_installed/vcpkg/pkgs/boost-regex_x64-windows/include/boost/regex/v5/u32regex_token_iterator.hpp
-- Installing: C:/Users/ricar/source/repos/btc-miner/vcpkg_installed/vcpkg/pkgs/boost-regex_x64-windows/include/boost/regex/v5/unicode_iterator.hpp
-- Installing: C:/Users/ricar/source/repos/btc-miner/vcpkg_installed/vcpkg/pkgs/boost-regex_x64-windows/include/boost/regex/v5/w32_regex_traits.hpp
-- Installing: C:/Users/ricar/source/repos/btc-miner/vcpkg_installed/vcpkg/pkgs/boost-regex_x64-windows/include/boost/regex.h
-- Installing: C:/Users/ricar/source/repos/btc-miner/vcpkg_installed/vcpkg/pkgs/boost-regex_x64-windows/include/boost/regex.hpp
-- Installing: C:/Users/ricar/source/repos/btc-miner/vcpkg_installed/vcpkg/pkgs/boost-regex_x64-windows/include/boost/regex_fwd.hpp
-- Installing: C:/Users/ricar/source/repos/btc-miner/vcpkg_installed/vcpkg/pkgs/boost-regex_x64-windows/lib/boost_regex-vc144-mt-x64-1_85.lib
-- Installing: C:/Users/ricar/source/repos/btc-miner/vcpkg_installed/vcpkg/pkgs/boost-regex_x64-windows/bin/boost_regex-vc144-mt-x64-1_85.dll
-- Installing: C:/Users/ricar/source/repos/btc-miner/vcpkg_installed/vcpkg/pkgs/boost-regex_x64-windows/bin/boost_regex-vc144-mt-x64-1_85.pdb
-- Installing: C:/Users/ricar/source/repos/btc-miner/vcpkg_installed/vcpkg/pkgs/boost-regex_x64-windows/lib/cmake/boost_regex-1.85.0/boost_regex-targets.cmake
-- Installing: C:/Users/ricar/source/repos/btc-miner/vcpkg_installed/vcpkg/pkgs/boost-regex_x64-windows/lib/cmake/boost_regex-1.85.0/boost_regex-targets-release.cmake
-- Installing: C:/Users/ricar/source/repos/btc-miner/vcpkg_installed/vcpkg/pkgs/boost-regex_x64-windows/lib/cmake/boost_regex-1.85.0/boost_regex-config.cmake
-- Installing: C:/Users/ricar/source/repos/btc-miner/vcpkg_installed/vcpkg/pkgs/boost-regex_x64-windows/lib/cmake/boost_regex-1.85.0/boost_regex-config-version.cmake
\WINDOWS\system32\cmd.exe /C "cd /D C:\Users\ricar\source\repos\btc-miner\vcpkg_installed\vcpkg\blds\boost-regex\x64-windows-rel && "C:\Program Files\Microsoft Visual Studio\2022\Community\Common7\IDE\CommonExtensions\Microsoft\CMake\CMake\bin\cmake.exe" -P cmake_install.cmake"

