Change Dir: 'C:/Users/ricar/source/repos/btc-miner/vcpkg_installed/vcpkg/blds/boost-function/x64-windows-rel'

Run Build Command(s): "C:/Program Files/Microsoft Visual Studio/2022/Community/Common7/IDE/CommonExtensions/Microsoft/CMake/Ninja/ninja.exe" -v -v -j17 install
-- Install configuration: "Release"
-- Installing: C:/Users/ricar/source/repos/btc-miner/vcpkg_installed/vcpkg/pkgs/boost-function_x64-windows/include
-- Installing: C:/Users/ricar/source/repos/btc-miner/vcpkg_installed/vcpkg/pkgs/boost-function_x64-windows/include/boost
-- Installing: C:/Users/ricar/source/repos/btc-miner/vcpkg_installed/vcpkg/pkgs/boost-function_x64-windows/include/boost/function
-- Installing: C:/Users/ricar/source/repos/btc-miner/vcpkg_installed/vcpkg/pkgs/boost-function_x64-windows/include/boost/function/function0.hpp
-- Installing: C:/Users/ricar/source/repos/btc-miner/vcpkg_installed/vcpkg/pkgs/boost-function_x64-windows/include/boost/function/function1.hpp
-- Installing: C:/Users/ricar/source/repos/btc-miner/vcpkg_installed/vcpkg/pkgs/boost-function_x64-windows/include/boost/function/function10.hpp
-- Installing: C:/Users/ricar/source/repos/btc-miner/vcpkg_installed/vcpkg/pkgs/boost-function_x64-windows/include/boost/function/function2.hpp
-- Installing: C:/Users/ricar/source/repos/btc-miner/vcpkg_installed/vcpkg/pkgs/boost-function_x64-windows/include/boost/function/function3.hpp
-- Installing: C:/Users/ricar/source/repos/btc-miner/vcpkg_installed/vcpkg/pkgs/boost-function_x64-windows/include/boost/function/function4.hpp
-- Installing: C:/Users/ricar/source/repos/btc-miner/vcpkg_installed/vcpkg/pkgs/boost-function_x64-windows/include/boost/function/function5.hpp
-- Installing: C:/Users/ricar/source/repos/btc-miner/vcpkg_installed/vcpkg/pkgs/boost-function_x64-windows/include/boost/function/function6.hpp
-- Installing: C:/Users/ricar/source/repos/btc-miner/vcpkg_installed/vcpkg/pkgs/boost-function_x64-windows/include/boost/function/function7.hpp
-- Installing: C:/Users/ricar/source/repos/btc-miner/vcpkg_installed/vcpkg/pkgs/boost-function_x64-windows/include/boost/function/function8.hpp
-- Installing: C:/Users/ricar/source/repos/btc-miner/vcpkg_installed/vcpkg/pkgs/boost-function_x64-windows/include/boost/function/function9.hpp
-- Installing: C:/Users/ricar/source/repos/btc-miner/vcpkg_installed/vcpkg/pkgs/boost-function_x64-windows/include/boost/function/function_base.hpp
-- Installing: C:/Users/ricar/source/repos/btc-miner/vcpkg_installed/vcpkg/pkgs/boost-function_x64-windows/include/boost/function/function_fwd.hpp
-- Installing: C:/Users/ricar/source/repos/btc-miner/vcpkg_installed/vcpkg/pkgs/boost-function_x64-windows/include/boost/function/function_template.hpp
-- Installing: C:/Users/ricar/source/repos/btc-miner/vcpkg_installed/vcpkg/pkgs/boost-function_x64-windows/include/boost/function/function_typeof.hpp
-- Installing: C:/Users/ricar/source/repos/btc-miner/vcpkg_installed/vcpkg/pkgs/boost-function_x64-windows/include/boost/function.hpp
-- Installing: C:/Users/ricar/source/repos/btc-miner/vcpkg_installed/vcpkg/pkgs/boost-function_x64-windows/include/boost/function_equal.hpp
-- Installing: C:/Users/ricar/source/repos/btc-miner/vcpkg_installed/vcpkg/pkgs/boost-function_x64-windows/lib/cmake/boost_function-1.85.0/boost_function-targets.cmake
-- Installing: C:/Users/ricar/source/repos/btc-miner/vcpkg_installed/vcpkg/pkgs/boost-function_x64-windows/lib/cmake/boost_function-1.85.0/boost_function-config.cmake
-- Installing: C:/Users/ricar/source/repos/btc-miner/vcpkg_installed/vcpkg/pkgs/boost-function_x64-windows/lib/cmake/boost_function-1.85.0/boost_function-config-version.cmake
[0/1] C:\WINDOWS\system32\cmd.exe /C "cd /D C:\Users\ricar\source\repos\btc-miner\vcpkg_installed\vcpkg\blds\boost-function\x64-windows-rel && "C:\Program Files\Microsoft Visual Studio\2022\Community\Common7\IDE\CommonExtensions\Microsoft\CMake\CMake\bin\cmake.exe" -P cmake_install.cmake"

